0 info it worked if it ends with ok
1 verbose cli [ 'C:\\Program Files\\nodejs\\node.exe',
1 verbose cli   'C:\\Program Files\\nodejs\\node_modules\\npm\\bin\\npm-cli.js',
1 verbose cli   'start' ]
2 info using npm@3.10.10
3 info using node@v6.11.3
4 verbose run-script [ 'prestart', 'start', 'poststart' ]
5 info lifecycle community-band-finder@1.0.0~prestart: community-band-finder@1.0.0
6 silly lifecycle community-band-finder@1.0.0~prestart: no script for prestart, continuing
7 info lifecycle community-band-finder@1.0.0~start: community-band-finder@1.0.0
8 verbose lifecycle community-band-finder@1.0.0~start: unsafe-perm in lifecycle true
9 verbose lifecycle community-band-finder@1.0.0~start: PATH: C:\Program Files\nodejs\node_modules\npm\bin\node-gyp-bin;C:\Users\Rpwilliams\Desktop\community-band-finder\app\node_modules\.bin;C:\ProgramData\Oracle\Java\javapath;C:\Program Files (x86)\NVIDIA Corporation\PhysX\Common;C:\Program Files\Common Files\Microsoft Shared\Windows Live;C:\Program Files (x86)\Common Files\Microsoft Shared\Windows Live;C:\WINDOWS\system32;C:\WINDOWS;C:\WINDOWS\System32\Wbem;C:\WINDOWS\System32\WindowsPowerShell\v1.0\;C:\Program Files (x86)\ATI Technologies\ATI.ACE\Core-Static;C:\Program Files (x86)\Intel\OpenCL SDK\2.0\bin\x86;C:\Program Files (x86)\Intel\OpenCL SDK\2.0\bin\x64;C:\Program Files (x86)\Windows Live\Shared;C:\Program Files (x86)\QuickTime\QTSystem\;C:\Program Files (x86)\PharosSystems\Core;C:\Program Files (x86)\Windows Kits\8.1\Windows Performance Toolkit\;C:\Program Files\Microsoft SQL Server\110\Tools\Binn\;C:\Program Files (x86)\Microsoft SDKs\TypeScript\1.0\;C:\Program Files\Microsoft\Web Platform Installer\;C:\WINDOWS\system32\config\systemprofile\.dnx\bin;C:\Program Files\Microsoft DNX\Dnvm\;C:\Program Files (x86)\Skype\Phone\;C:\Program Files\MATLAB\R2016b\bin;C:\Python27;%JAVA_HOME%\bin;C:\Program Files\nodejs\;C:\Program Files\MySQL\MySQL Utilities 1.6\;C:\WINDOWS\System32\OpenSSH\;C:\Users\Rpwilliams\AppData\Local\Microsoft\WindowsApps;C:\Users\Rpwilliams\AppData\Local\atom\bin;C:\Python27;C:\Users\Rpwilliams\AppData\Roaming\npm;C:\Users\Rpwilliams\AppData\Local\Microsoft\WindowsApps;C:\Python27\Scripts;
10 verbose lifecycle community-band-finder@1.0.0~start: CWD: C:\Users\Rpwilliams\Desktop\community-band-finder\app
11 silly lifecycle community-band-finder@1.0.0~start: Args: [ '/d /s /c', 'node app.js' ]
12 silly lifecycle community-band-finder@1.0.0~start: Returned: code: 3221225786  signal: null
13 info lifecycle community-band-finder@1.0.0~start: Failed to exec start script
14 verbose stack Error: community-band-finder@1.0.0 start: `node app.js`
14 verbose stack Exit status 3221225786
14 verbose stack     at EventEmitter.<anonymous> (C:\Program Files\nodejs\node_modules\npm\lib\utils\lifecycle.js:255:16)
14 verbose stack     at emitTwo (events.js:106:13)
14 verbose stack     at EventEmitter.emit (events.js:191:7)
14 verbose stack     at ChildProcess.<anonymous> (C:\Program Files\nodejs\node_modules\npm\lib\utils\spawn.js:40:14)
14 verbose stack     at emitTwo (events.js:106:13)
14 verbose stack     at ChildProcess.emit (events.js:191:7)
14 verbose stack     at maybeClose (internal/child_process.js:920:16)
14 verbose stack     at Process.ChildProcess._handle.onexit (internal/child_process.js:230:5)
15 verbose pkgid community-band-finder@1.0.0
16 verbose cwd C:\Users\Rpwilliams\Desktop\community-band-finder\app
17 error Windows_NT 10.0.17134
18 error argv "C:\\Program Files\\nodejs\\node.exe" "C:\\Program Files\\nodejs\\node_modules\\npm\\bin\\npm-cli.js" "start"
19 error node v6.11.3
20 error npm  v3.10.10
21 error code ELIFECYCLE
22 error community-band-finder@1.0.0 start: `node app.js`
22 error Exit status 3221225786
23 error Failed at the community-band-finder@1.0.0 start script 'node app.js'.
23 error Make sure you have the latest version of node.js and npm installed.
23 error If you do, this is most likely a problem with the community-band-finder package,
23 error not with npm itself.
23 error Tell the author that this fails on your system:
23 error     node app.js
23 error You can get information on how to open an issue for this project with:
23 error     npm bugs community-band-finder
23 error Or if that isn't available, you can get their info via:
23 error     npm owner ls community-band-finder
23 error There is likely additional logging output above.
24 verbose exit [ 1, true ]
